2022-12-07 10:48:47 - 这里是name - ERROR -logger:  这里是msg111
2022-12-07 10:48:47 - 这里是name - CRITICAL -logger:  这里是msg222
这里是msg111
这里是msg222
这里是msg111
这里是msg222
2022-12-07 11:11:38 - This is operation log - ERROR -user:  这里是msg111
2022-12-07 11:13:53 - This is operation log - ERROR -user:  这里是msg111
2022-12-07 11:16:44 - This is operation log - ERROR -user:  这里是msg111
2022-12-07 11:16:55 - This is operation log - ERROR -user:  这里是msg111
2022-12-07 11:17:07 - This is operation log - ERROR -user:  这里是msg111
2022-12-07 11:17:29 - This is operation log - ERROR -user:  这里是msg111
2022-12-07 11:18:24 - This is operation log - ERROR -user:  Fjtlogged in successfully
2022-12-07 16:17:10 - This is operation log - ERROR -user:  Fjtlogged in successfully
2022-12-07 16:29:44 - This is operation log - ERROR -user:  Fjtlogged in successfully
2022-12-07 16:30:22 - This is operation log - ERROR -user:  Fjtlogged in successfully
2022-12-07 16:34:13 - This is operation log - ERROR -user:  Fjtlogged in successfully
2022-12-08 10:02:34 - This is operation log - ERROR -user:  Fjtlogged in successfully
2022-12-08 10:18:28 - This is operation log - ERROR -user:  Fjtlogged in successfully
2022-12-08 10:18:55 - This is operation log - ERROR -user:  Fjtlogged in successfully
2022-12-08 12:01:01 - This is operation log - ERROR -user:  FJTlogged in successfully
2022-12-10 13:49:25 - This is operation log - ERROR -user:  FJJTlogged in successfully
2022-12-11 10:29:41 - This is operation log - ERROR -user:  FJJTlogged in successfully
2022-12-11 10:29:57 - This is operation log - ERROR -user:  Lznlogged in successfully
2022-12-11 10:30:09 - This is operation log - ERROR -user:  FJJTlogged in successfully
2022-12-11 11:08:12 - This is operation log - ERROR -user:  Lznlogged in successfully
2022-12-13 09:22:16 - operation log - ERROR -user:  Adminlogged in successfully
2022-12-13 09:54:01 - operation log - CRITICAL -user:  Adminstrator log in
2022-12-13 09:54:52 - operation log - CRITICAL -user:  Adminstrator log in
2022-12-13 14:11:29 - operation log - INFO -user:  Lznlogged in successfully
2022-12-13 16:27:13 - operation log - INFO -user:  user id3 logged out
2022-12-13 16:27:41 - operation log - INFO -user:  user id3 logged in successfully in ip127.0.0.1
2022-12-13 16:30:15 - operation log - INFO -q_a:  user id3 public questionnihao
2022-12-13 16:33:46 - operation log - INFO -mine:  user id3 successfully change username in ip127.0.0.1
2022-12-13 16:34:50 - operation log - INFO -collect:  user id3 add favoritelinux
2022-12-13 16:35:28 - operation log - INFO -collect:  user id3 add favoritewoye
2022-12-15 13:03:39 - operation log - INFO -user:  user id10 registered successfully
2022-12-15 13:03:42 - operation log - INFO -user:  user id10 logged in successfully in ip127.0.0.1
2022-12-15 13:05:03 - operation log - INFO -q_a:  user id10 public questionWhat To Do If I Have COVID-19
2022-12-15 14:50:40 - operation log - INFO -q_a:  user id10 delete answer id3
2022-12-15 14:50:43 - operation log - INFO -user:  user id10 logged out
2022-12-15 14:50:47 - operation log - INFO -user:  user id3 logged in successfully in ip127.0.0.1
2022-12-15 14:50:52 - operation log - INFO -q_a:  user id3 give an answer to question 16
2022-12-15 14:53:00 - operation log - INFO -q_a:  user id3 delete answer id4
2022-12-15 14:53:15 - operation log - INFO -q_a:  user id3 give an answer to question 16
2022-12-15 14:53:16 - operation log - INFO -user:  user id3 logged out
2022-12-15 14:53:20 - operation log - INFO -user:  user id10 logged in successfully in ip127.0.0.1
2022-12-15 14:53:28 - operation log - INFO -q_a:  user id10 give an answer to question 16
2022-12-15 14:55:47 - operation log - INFO -q_a:  user id10 delete answer id6
2022-12-15 14:56:01 - operation log - INFO -q_a:  user id10 give an answer to question 16
2022-12-15 15:10:47 - operation log - INFO -collect:  user id10 add favorite js
2022-12-15 15:14:50 - operation log - INFO -user:  user id10 logged out
2022-12-16 19:47:58 - operation log - INFO -user:  user id10 logged in successfully in ip127.0.0.1
2022-12-16 19:48:01 - operation log - INFO -user:  user id10 logged out
2022-12-16 22:31:34 - operation log - INFO -user:  user id10 logged in successfully in ip127.0.0.1
2022-12-16 23:25:12 - operation log - INFO -user:  user id10 logged out
2022-12-16 23:29:26 - operation log - INFO -user:  some one login without register 
2022-12-16 23:29:30 - operation log - INFO -user:  some one login without register 
2022-12-16 23:29:37 - operation log - INFO -user:  user id10 logged in successfully in ip127.0.0.1
2022-12-17 11:48:43 - operation log - INFO -user:  user id10 logged out
2022-12-17 11:53:45 - operation log - INFO -user:  some one login without register 
2022-12-17 11:53:50 - operation log - INFO -user:  some one login without register 
2022-12-17 11:53:55 - operation log - INFO -user:  some one login without register 
2022-12-17 11:55:12 - operation log - INFO -user:  Fjt failed to log in because of wrong password or email
2022-12-17 11:55:17 - operation log - INFO -user:  user id10 logged in successfully in ip127.0.0.1
2022-12-17 12:02:30 - operation log - INFO -mine:  user id10 delete question id16
2022-12-17 12:02:42 - operation log - INFO -mine:  user id10 successfully change username in ip127.0.0.1
2022-12-17 12:03:17 - operation log - INFO -mine:  user id10 successfully change username in ip127.0.0.1
2022-12-17 12:04:03 - operation log - INFO -mine:  user id10 delete favorite id72
2022-12-17 12:04:32 - operation log - INFO -mine:  user id10 delete favorite id72
2022-12-17 12:16:43 - operation log - INFO -user:  user id10 logged out
2022-12-17 12:16:49 - operation log - WARNING -user:  Administrator logged in successfully in ip127.0.0.1
2022-12-17 12:21:31 - operation log - INFO -admin:  administraor delete user id 10 successfully in ip127.0.0.1
2022-12-17 12:21:32 - operation log - INFO -admin:  administraor delete user id 3 successfully in ip127.0.0.1
2022-12-17 13:29:06 - operation log - INFO -user:  user id9 logged out
2022-12-17 13:29:44 - operation log - INFO -user:  some one login without register 
2022-12-17 13:30:11 - operation log - INFO -user:  some one login without register 
2022-12-17 13:41:06 - operation log - INFO -user:  user id11 registered successfully
2022-12-17 13:41:16 - operation log - INFO -user:  user id11 logged in successfully in ip127.0.0.1
2022-12-17 13:41:26 - operation log - INFO -q_a:  user id11 public questionnihao
2022-12-17 20:50:26 - operation log - INFO -mine:  user id11 delete favorite id73
2022-12-17 20:50:28 - operation log - INFO -mine:  user id11 delete question id17
2022-12-17 20:50:37 - operation log - INFO -q_a:  user id11 public questionnihao
2022-12-17 20:51:17 - operation log - INFO -collect:  user id11 add favorite linux
